#-----------------------------------------------------------
# Vivado v2018.3 (64-bit)
# SW Build 2405991 on Thu Dec  6 23:38:27 MST 2018
# IP Build 2404404 on Fri Dec  7 01:43:56 MST 2018
# Start of session at: Sat Apr  6 15:11:42 2019
# Process ID: 10372
# Current directory: C:/Users/Benoit Brizard/Documents/1-hiv19/ELE3311/lab/tp3/tp3_bb_4avril/tp3_bb_1avril/tp3_bb_1avril/tp3_bb_30mars
# Command line: vivado.exe -gui_launcher_event rodinguilauncherevent12188 C:\Users\Benoit Brizard\Documents\1-hiv19\ELE3311\lab\tp3\tp3_bb_4avril\tp3_bb_1avril\tp3_bb_1avril\tp3_bb_30mars\TP3_BB_ARD.xpr
# Log file: C:/Users/Benoit Brizard/Documents/1-hiv19/ELE3311/lab/tp3/tp3_bb_4avril/tp3_bb_1avril/tp3_bb_1avril/tp3_bb_30mars/vivado.log
# Journal file: C:/Users/Benoit Brizard/Documents/1-hiv19/ELE3311/lab/tp3/tp3_bb_4avril/tp3_bb_1avril/tp3_bb_1avril/tp3_bb_30mars\vivado.jou
#-----------------------------------------------------------
start_gui
open_project {C:/Users/Benoit Brizard/Documents/1-hiv19/ELE3311/lab/tp3/tp3_bb_4avril/tp3_bb_1avril/tp3_bb_1avril/tp3_bb_30mars/TP3_BB_ARD.xpr}
INFO: [ProjectBase 1-489] The host OS only allows 260 characters in a normal path. The project is stored in a path with more than 80 characters. If you experience issues with IP, Block Designs, or files not being found, please consider moving the project to a location with a shorter path. Alternately consider using the OS subst command to map part of the path to a drive letter.
Current project path is 'C:/Users/Benoit Brizard/Documents/1-hiv19/ELE3311/lab/tp3/tp3_bb_4avril/tp3_bb_1avril/tp3_bb_1avril/tp3_bb_30mars'
Scanning sources...
Finished scanning sources
INFO: [IP_Flow 19-234] Refreshing IP repositories
INFO: [IP_Flow 19-1704] No user IP repositories specified
INFO: [IP_Flow 19-2313] Loaded Vivado IP repository 'C:/Xilinx/Vivado/2018.3/data/ip'.
open_project: Time (s): cpu = 00:00:16 ; elapsed = 00:00:08 . Memory (MB): peak = 669.770 ; gain = 112.809
update_compile_order -fileset sources_1
exit
INFO: [Common 17-206] Exiting Vivado at Sat Apr  6 16:14:35 2019...
