#-----------------------------------------------------------
# Vivado v2018.3 (64-bit)
# SW Build 2405991 on Thu Dec  6 23:38:27 MST 2018
# IP Build 2404404 on Fri Dec  7 01:43:56 MST 2018
# Start of session at: Thu Apr  4 09:27:57 2019
# Process ID: 4688
# Current directory: D:/tp3_bb_1avril/tp3_bb_1avril/tp3_bb_30mars
# Command line: vivado.exe -gui_launcher_event rodinguilauncherevent7664 D:\tp3_bb_1avril\tp3_bb_1avril\tp3_bb_30mars\TP3_BB_ARD.xpr
# Log file: D:/tp3_bb_1avril/tp3_bb_1avril/tp3_bb_30mars/vivado.log
# Journal file: D:/tp3_bb_1avril/tp3_bb_1avril/tp3_bb_30mars\vivado.jou
#-----------------------------------------------------------
start_gui
open_project D:/tp3_bb_1avril/tp3_bb_1avril/tp3_bb_30mars/TP3_BB_ARD.xpr
INFO: [Project 1-313] Project file moved from 'D:/tp3_bb_30mars/tp3_bb_30mars' since last save.
Scanning sources...
Finished scanning sources
INFO: [IP_Flow 19-234] Refreshing IP repositories
INFO: [IP_Flow 19-1704] No user IP repositories specified
INFO: [IP_Flow 19-2313] Loaded Vivado IP repository 'C:/Xilinx/Vivado/2018.3/data/ip'.
open_project: Time (s): cpu = 00:00:15 ; elapsed = 00:00:07 . Memory (MB): peak = 671.137 ; gain = 83.004
update_compile_order -fileset sources_1
open_hw
connect_hw_server
INFO: [Labtools 27-2285] Connecting to hw_server url TCP:localhost:3121
INFO: [Labtools 27-2222] Launching hw_server...
INFO: [Labtools 27-2221] Launch Output:

****** Xilinx hw_server v2018.3
  **** Build date : Dec  7 2018-00:40:27
    ** Copyright 1986-2018 Xilinx, Inc. All Rights Reserved.


disconnect_hw_server localhost:3121
connect_hw_server
INFO: [Labtools 27-2285] Connecting to hw_server url TCP:localhost:3121
disconnect_hw_server localhost:3121
connect_hw_server
INFO: [Labtools 27-2285] Connecting to hw_server url TCP:localhost:3121
exit
INFO: [Common 17-206] Exiting Vivado at Thu Apr  4 09:30:02 2019...
